[    0.000000] Initializing cgroup subsys cpuset
[    0.000000] Initializing cgroup subsys cpu
[    0.000000] Initializing cgroup subsys cpuacct
[    0.000000] Linux version 4.4.0-116-generic (buildd@lgw01-amd64-021) (gcc version 5.4.0 20160609 (Ubuntu 5.4.0-6ubuntu1~16.04.9) ) #140-Ubuntu SMP Mon Feb 12 21:23:04 UTC 2018 (Ubuntu 4.4.0-116.140-generic 4.4.98)
[    0.000000] Command line: BOOT_IMAGE=/boot/vmlinuz-4.4.0-116-generic root=LABEL=cloudimg-rootfs ro console=tty1 console=ttyS0
[    0.000000] KERNEL supported cpus:
[    0.000000]   Intel GenuineIntel
[    0.000000]   AMD AuthenticAMD
[    0.000000]   Centaur CentaurHauls
[    0.000000] x86/fpu: xstate_offset[2]:  576, xstate_sizes[2]:  256
[    0.000000] x86/fpu: Supporting XSAVE feature 0x01: 'x87 floating point registers'
[    0.000000] x86/fpu: Supporting XSAVE feature 0x02: 'SSE registers'
[    0.000000] x86/fpu: Supporting XSAVE feature 0x04: 'AVX registers'
[    0.000000] x86/fpu: Enabled xstate features 0x7, context size is 832 bytes, using 'standard' format.
[    0.000000] x86/fpu: Using 'lazy' FPU context switches.
[    0.000000] e820: BIOS-provided physical RAM map:
[    0.000000] BIOS-e820: [mem 0x0000000000000000-0x000000000009fbff] usable
[    0.000000] BIOS-e820: [mem 0x000000000009fc00-0x000000000009ffff] reserved
[    0.000000] BIOS-e820: [mem 0x00000000000f0000-0x00000000000fffff] reserved
[    0.000000] BIOS-e820: [mem 0x0000000000100000-0x000000003ffeffff] usable
[    0.000000] BIOS-e820: [mem 0x000000003fff0000-0x000000003fffffff] ACPI data
[    0.000000] BIOS-e820: [mem 0x00000000fec00000-0x00000000fec00fff] reserved
[    0.000000] BIOS-e820: [mem 0x00000000fee00000-0x00000000fee00fff] reserved
[    0.000000] BIOS-e820: [mem 0x00000000fffc0000-0x00000000ffffffff] reserved
[    0.000000] NX (Execute Disable) protection: active
[    0.000000] SMBIOS 2.5 present.
[    0.000000] Hypervisor detected: KVM
[    0.000000] e820: last_pfn = 0x3fff0 max_arch_pfn = 0x400000000
[    0.000000] MTRR: Disabled
[    0.000000] x86/PAT: MTRRs disabled, skipping PAT initialization too.
[    0.000000] CPU MTRRs all blank - virtualized system.
[    0.000000] x86/PAT: Configuration [0-7]: WB  WT  UC- UC  WB  WT  UC- UC  
[    0.000000] found SMP MP-table at [mem 0x0009fff0-0x0009ffff] mapped at [ffff88000009fff0]
[    0.000000] Scanning 1 areas for low memory corruption
[    0.000000] RAMDISK: [mem 0x36aaa000-0x3754cfff]
[    0.000000] ACPI: Early table checksum verification disabled
[    0.000000] ACPI: RSDP 0x00000000000E0000 000024 (v02 VBOX  )
[    0.000000] ACPI: XSDT 0x000000003FFF0030 00003C (v01 VBOX   VBOXXSDT 00000001 ASL  00000061)
[    0.000000] ACPI: FACP 0x000000003FFF00F0 0000F4 (v04 VBOX   VBOXFACP 00000001 ASL  00000061)
[    0.000000] ACPI: DSDT 0x000000003FFF0470 0021FF (v02 VBOX   VBOXBIOS 00000002 INTL 20170728)
[    0.000000] ACPI: FACS 0x000000003FFF0200 000040
[    0.000000] ACPI: FACS 0x000000003FFF0200 000040
[    0.000000] ACPI: APIC 0x000000003FFF0240 00005C (v02 VBOX   VBOXAPIC 00000001 ASL  00000061)
[    0.000000] ACPI: SSDT 0x000000003FFF02A0 0001CC (v01 VBOX   VBOXCPUT 00000002 INTL 20170728)
[    0.000000] No NUMA configuration found
[    0.000000] Faking a node at [mem 0x0000000000000000-0x000000003ffeffff]
[    0.000000] NODE_DATA(0) allocated [mem 0x3ffeb000-0x3ffeffff]
[    0.000000] kvm-clock: Using msrs 4b564d01 and 4b564d00
[    0.000000] kvm-clock: cpu 0, msr 0:3ffe3001, primary cpu clock
[    0.000000] kvm-clock: using sched offset of 3389696297 cycles
[    0.000000] clocksource: kvm-clock: mask: 0xffffffffffffffff max_cycles: 0x1cd42e4dffb, max_idle_ns: 881590591483 ns
[    0.000000] Zone ranges:
[    0.000000]   DMA      [mem 0x0000000000001000-0x0000000000ffffff]
[    0.000000]   DMA32    [mem 0x0000000001000000-0x000000003ffeffff]
[    0.000000]   Normal   empty
[    0.000000]   Device   empty
[    0.000000] Movable zone start for each node
[    0.000000] Early memory node ranges
[    0.000000]   node   0: [mem 0x0000000000001000-0x000000000009efff]
[    0.000000]   node   0: [mem 0x0000000000100000-0x000000003ffeffff]
[    0.000000] Initmem setup node 0 [mem 0x0000000000001000-0x000000003ffeffff]
[    0.000000] ACPI: PM-Timer IO Port: 0x4008
[    0.000000] IOAPIC[0]: apic_id 2, version 32, address 0xfec00000, GSI 0-23
[    0.000000] ACPI: INT_SRC_OVR (bus 0 bus_irq 0 global_irq 2 dfl dfl)
[    0.000000] ACPI: INT_SRC_OVR (bus 0 bus_irq 9 global_irq 9 high level)
[    0.000000] Using ACPI (MADT) for SMP configuration information
[    0.000000] smpboot: Allowing 2 CPUs, 0 hotplug CPUs
[    0.000000] PM: Registered nosave memory: [mem 0x00000000-0x00000fff]
[    0.000000] PM: Registered nosave memory: [mem 0x0009f000-0x0009ffff]
[    0.000000] PM: Registered nosave memory: [mem 0x000a0000-0x000effff]
[    0.000000] PM: Registered nosave memory: [mem 0x000f0000-0x000fffff]
[    0.000000] e820: [mem 0x40000000-0xfebfffff] available for PCI devices
[    0.000000] Booting paravirtualized kernel on KVM
[    0.000000] clocksource: refined-jiffies: mask: 0xffffffff max_cycles: 0xffffffff, max_idle_ns: 7645519600211568 ns
[    0.000000] setup_percpu: NR_CPUS:512 nr_cpumask_bits:512 nr_cpu_ids:2 nr_node_ids:1
[    0.000000] PERCPU: Embedded 34 pages/cpu @ffff88003fc00000 s99544 r8192 d31528 u1048576
[    0.000000] PV qspinlock hash table entries: 256 (order: 0, 4096 bytes)
[    0.000000] Built 1 zonelists in Node order, mobility grouping on.  Total pages: 257913
[    0.000000] Policy zone: DMA32
[    0.000000] Kernel command line: BOOT_IMAGE=/boot/vmlinuz-4.4.0-116-generic root=LABEL=cloudimg-rootfs ro console=tty1 console=ttyS0
[    0.000000] PID hash table entries: 4096 (order: 3, 32768 bytes)
[    0.000000] Memory: 1001640K/1048120K available (8530K kernel code, 1309K rwdata, 3992K rodata, 1508K init, 1316K bss, 46480K reserved, 0K cma-reserved)
[    0.000000] SLUB: HWalign=64, Order=0-3, MinObjects=0, CPUs=2, Nodes=1
[    0.000000] Kernel/User page tables isolation: enabled
[    0.000000] Hierarchical RCU implementation.
[    0.000000] 	Build-time adjustment of leaf fanout to 64.
[    0.000000] 	RCU restricting CPUs from NR_CPUS=512 to nr_cpu_ids=2.
[    0.000000] RCU: Adjusting geometry for rcu_fanout_leaf=64, nr_cpu_ids=2
[    0.000000] NR_IRQS:33024 nr_irqs:440 16
[    0.000000] Console: colour VGA+ 80x25
[    0.000000] console [tty1] enabled
[    0.000000] console [ttyS0] enabled
[    0.000000] tsc: Detected 2195.012 MHz processor
[   15.086123] Calibrating delay loop (skipped) preset value.. 4390.02 BogoMIPS (lpj=8780048)
[   15.310213] pid_max: default: 32768 minimum: 301
[   15.419387] ACPI: Core revision 20150930
[   15.523034] ACPI: 2 ACPI AML tables successfully acquired and loaded
[   15.651729] Security Framework initialized
[   15.762205] Yama: becoming mindful.
[   15.840747] AppArmor: AppArmor initialized
[   15.942410] Dentry cache hash table entries: 131072 (order: 8, 1048576 bytes)
[   16.086275] Inode-cache hash table entries: 65536 (order: 7, 524288 bytes)
[   16.212375] Mount-cache hash table entries: 2048 (order: 2, 16384 bytes)
[   16.388133] Mountpoint-cache hash table entries: 2048 (order: 2, 16384 bytes)
[   16.564032] Initializing cgroup subsys io
[   16.652187] Initializing cgroup subsys memory
[   16.737399] Initializing cgroup subsys devices
[   16.829505] Initializing cgroup subsys freezer
[   16.931583] Initializing cgroup subsys net_cls
[   17.029434] Initializing cgroup subsys perf_event
[   17.117732] Initializing cgroup subsys net_prio
[   17.189334] Initializing cgroup subsys hugetlb
[   17.268820] Initializing cgroup subsys pids
[   17.332194] CPU: Physical Processor ID: 0
[   17.405499] CPU: Processor Core ID: 0
[   17.478052] FEATURE SPEC_CTRL Not Present
[   17.565194] mce: CPU supports 0 MCE banks
[   17.623603] Last level iTLB entries: 4KB 512, 2MB 8, 4MB 8
[   17.711709] Last level dTLB entries: 4KB 512, 2MB 32, 4MB 32, 1GB 0
[   17.829651] Spectre V2 mitigation: Mitigation: Full generic retpoline
[   17.948813] Spectre V2 mitigation: Speculation control IBPB not-supported IBRS not-supported
[   18.142621] Freeing SMP alternatives memory: 32K
[   18.253390] ftrace: allocating 32186 entries in 126 pages
[   18.405131] smpboot: APIC(0) Converting physical 0 to logical package 0
[   18.585644] smpboot: Max logical packages: 1
[   18.698645] x2apic enabled
[   18.761755] Switched APIC routing to physical x2apic.
[   18.905292] ..TIMER: vector=0x30 apic1=0 pin1=2 apic2=-1 pin2=-1
[   19.203736] smpboot: CPU0: Intel(R) Core(TM) i7-2670QM CPU @ 2.20GHz (family: 0x6, model: 0x2a, stepping: 0x7)
[   19.375984] Performance Events: unsupported p6 CPU model 42 no PMU driver, software events only.
[   19.625946] KVM setup paravirtual spinlock
[   19.750249] x86: Booting SMP configuration:
[   19.862841] .... node  #0, CPUs:      #1
[   19.954680] kvm-clock: cpu 1, msr 0:3ffe3041, secondary cpu clock
[   20.215354] mce: CPU supports 0 MCE banks
[   20.397282] x86: Booted up 1 node, 2 CPUs
[   20.454469] smpboot: Total of 2 processors activated (8780.04 BogoMIPS)
[   20.594578] devtmpfs: initialized
[   20.671371] evm: security.selinux
[   20.756593] evm: security.SMACK64
[   20.847358] evm: security.SMACK64EXEC
[   20.941402] evm: security.SMACK64TRANSMUTE
[   21.028691] evm: security.SMACK64MMAP
[   21.133688] evm: security.ima
[   21.194194] evm: security.capability
[   21.299318] clocksource: jiffies: mask: 0xffffffff max_cycles: 0xffffffff, max_idle_ns: 7645041785100000 ns
[   21.524053] futex hash table entries: 512 (order: 3, 32768 bytes)
[   21.598433] pinctrl core: initialized pinctrl subsystem
[   21.674424] RTC time:  3:16:01, date: 03/28/18
[   21.744353] NET: Registered protocol family 16
[   21.872079] cpuidle: using governor ladder
[   21.991619] cpuidle: using governor menu
[   22.097713] PCCT header not found.
[   22.178070] ACPI: bus type PCI registered
[   22.260404] acpiphp: ACPI Hot Plug PCI Controller Driver version: 0.5
[   22.418966] PCI: Using configuration type 1 for base access
[   22.588772] ACPI: Added _OSI(Module Device)
[   22.666606] ACPI: Added _OSI(Processor Device)
[   22.761806] ACPI: Added _OSI(3.0 _SCP Extensions)
[   22.877564] ACPI: Added _OSI(Processor Aggregator Device)
[   23.013817] ACPI: Executed 1 blocks of module-level executable AML code
[   23.140324] ACPI: Interpreter enabled
[   23.224376] ACPI: (supports S0 S5)
[   23.320835] ACPI: Using IOAPIC for interrupt routing
[   23.454752] PCI: Using host bridge windows from ACPI; if necessary, use "pci=nocrs" and report a bug
[   23.651581] ACPI: PCI Root Bridge [PCI0] (domain 0000 [bus 00-ff])
[   23.779439] acpi PNP0A03:00: _OSC: OS supports [ASPM ClockPM Segments MSI]
[   23.983186] acpi PNP0A03:00: _OSC: not requesting OS control; OS requires [ExtendedConfig ASPM ClockPM MSI]
[   24.249600] acpi PNP0A03:00: fail to add MMCONFIG information, can't access extended PCI configuration space under this bridge.
[   24.444769] PCI host bridge to bus 0000:00
[   24.529035] pci_bus 0000:00: root bus resource [io  0x0000-0x0cf7 window]
[   24.640766] pci_bus 0000:00: root bus resource [io  0x0d00-0xffff window]
[   24.760014] pci_bus 0000:00: root bus resource [mem 0x000a0000-0x000bffff window]
[   24.944246] pci_bus 0000:00: root bus resource [mem 0x40000000-0xffdfffff window]
[   25.121846] pci_bus 0000:00: root bus resource [bus 00-ff]
[   25.292788] pci 0000:00:01.1: legacy IDE quirk: reg 0x10: [io  0x01f0-0x01f7]
[   25.424709] pci 0000:00:01.1: legacy IDE quirk: reg 0x14: [io  0x03f6]
[   25.572360] pci 0000:00:01.1: legacy IDE quirk: reg 0x18: [io  0x0170-0x0177]
[   25.779547] pci 0000:00:01.1: legacy IDE quirk: reg 0x1c: [io  0x0376]
[   25.960248] pci 0000:00:07.0: quirk: [io  0x4000-0x403f] claimed by PIIX4 ACPI
[   26.146281] pci 0000:00:07.0: quirk: [io  0x4100-0x410f] claimed by PIIX4 SMB
[   26.324757] ACPI: PCI Interrupt Link [LNKA] (IRQs 5 9 10 *11)
[   26.448287] ACPI: PCI Interrupt Link [LNKB] (IRQs 5 9 10 *11)
[   26.577577] ACPI: PCI Interrupt Link [LNKC] (IRQs 5 9 *10 11)
[   26.716358] ACPI: PCI Interrupt Link [LNKD] (IRQs 5 *9 10 11)
[   26.858104] ACPI: Enabled 2 GPEs in block 00 to 07
[   26.949822] vgaarb: setting as boot device: PCI:0000:00:02.0
[   27.085202] vgaarb: device added: PCI:0000:00:02.0,decodes=io+mem,owns=io+mem,locks=none
[   27.265024] vgaarb: loaded
[   27.341455] vgaarb: bridge control possible 0000:00:02.0
[   27.448289] SCSI subsystem initialized
[   27.513792] ACPI: bus type USB registered
[   27.578633] usbcore: registered new interface driver usbfs
[   27.686877] usbcore: registered new interface driver hub
[   27.827848] usbcore: registered new device driver usb
[   27.945389] PCI: Using ACPI for IRQ routing
[   27.998364] NetLabel: Initializing
[   28.066183] NetLabel:  domain hash size = 128
[   28.180606] NetLabel:  protocols = UNLABELED CIPSOv4
[   28.299735] NetLabel:  unlabeled traffic allowed by default
[   28.406380] amd_nb: Cannot enumerate AMD northbridges
[   28.517548] clocksource: Switched to clocksource kvm-clock
[   28.664981] AppArmor: AppArmor Filesystem Enabled
[   28.789725] pnp: PnP ACPI init
[   28.867976] pnp: PnP ACPI: found 3 devices
[   28.986842] clocksource: acpi_pm: mask: 0xffffff max_cycles: 0xffffff, max_idle_ns: 2085701024 ns
[   29.201666] NET: Registered protocol family 2
[   29.325968] TCP established hash table entries: 8192 (order: 4, 65536 bytes)
[   29.546798] TCP bind hash table entries: 8192 (order: 5, 131072 bytes)
[   29.731536] TCP: Hash tables configured (established 8192 bind 8192)
[   29.941673] UDP hash table entries: 512 (order: 2, 16384 bytes)
[   30.111266] UDP-Lite hash table entries: 512 (order: 2, 16384 bytes)
[   30.241852] NET: Registered protocol family 1
[   30.356893] pci 0000:00:00.0: Limiting direct PCI/PCI transfers
[   30.496165] pci 0000:00:01.0: Activating ISA DMA hang workarounds
[   30.665258] Unpacking initramfs...
[   32.545937] Freeing initrd memory: 10892K
[   32.657171] RAPL PMU detected, API unit is 2^-32 Joules, 3 fixed counters 10737418240 ms ovfl timer
[   32.904038] hw unit of domain pp0-core 2^-0 Joules
[   33.037789] hw unit of domain package 2^-0 Joules
[   33.163704] hw unit of domain pp1-gpu 2^-0 Joules
[   33.296317] platform rtc_cmos: registered platform RTC device (no PNP device found)
[   33.467330] Scanning for low memory corruption every 60 seconds
[   33.621638] audit: initializing netlink subsys (disabled)
[   33.760571] audit: type=2000 audit(1522206950.732:1): initialized
[   33.888013] Initialise system trusted keyring
[   33.993610] HugeTLB registered 2 MB page size, pre-allocated 0 pages
[   34.179036] zbud: loaded
[   34.243595] VFS: Disk quotas dquot_6.6.0
[   34.347095] tsc: Refined TSC clocksource calibration: 2194.902 MHz
[   34.353666] VFS: Dquot-cache hash table entries: 512 (order 0, 4096 bytes)
[   34.353970] squashfs: version 4.0 (2009/01/31) Phillip Lougher
[   34.354262] fuse init (API version 7.23)
[   34.354405] Key type big_key registered
[   34.354424] Allocating IMA MOK and blacklist keyrings.
[   34.354754] Key type asymmetric registered
[   34.354756] Asymmetric key parser 'x509' registered
[   34.354796] Block layer SCSI generic (bsg) driver version 0.4 loaded (major 249)
[   34.354836] io scheduler noop registered
[   34.354839] io scheduler deadline registered (default)
[   34.354872] io scheduler cfq registered
[   34.354987] pci_hotplug: PCI Hot Plug PCI Core version: 0.5
[   34.354994] pciehp: PCI Express Hot Plug Controller Driver version: 0.4
[   34.355141] ACPI: AC Adapter [AC] (on-line)
[   34.355199] input: Power Button as /devices/LNXSYSTM:00/LNXPWRBN:00/input/input0
[   34.355202] ACPI: Power Button [PWRF]
[   34.355275] input: Sleep Button as /devices/LNXSYSTM:00/LNXSLPBN:00/input/input1
[   34.355277] ACPI: Sleep Button [SLPF]
[   34.355427] GHES: HEST is not enabled!
[   34.356194] ACPI: Battery Slot [BAT0] (battery present)
[   34.356238] Serial: 8250/16550 driver, 32 ports, IRQ sharing enabled
[   34.539551] 00:02: ttyS0 at I/O 0x3f8 (irq = 4, base_baud = 115200) is a 16550A
[   34.746989] Linux agpgart interface v0.103
[   35.332244] loop: module loaded
[   35.332995] scsi host0: ata_piix
[   35.333064] scsi host1: ata_piix
[   35.333101] ata1: PATA max UDMA/33 cmd 0x1f0 ctl 0x3f6 bmdma 0xd000 irq 14
[   35.333102] ata2: PATA max UDMA/33 cmd 0x170 ctl 0x376 bmdma 0xd008 irq 15
[   35.333186] libphy: Fixed MDIO Bus: probed
[   35.333189] tun: Universal TUN/TAP device driver, 1.6
[   35.333189] tun: (C) 1999-2004 Max Krasnyansky <maxk@qualcomm.com>
[   35.333678] PPP generic driver version 2.4.2
[   35.333742] ehci_hcd: USB 2.0 'Enhanced' Host Controller (EHCI) Driver
[   35.333747] ehci-pci: EHCI PCI platform driver
[   35.333772] ehci-platform: EHCI generic platform driver
[   35.333781] ohci_hcd: USB 1.1 'Open' Host Controller (OHCI) Driver
[   35.333786] ohci-pci: OHCI PCI platform driver
[   35.333795] ohci-platform: OHCI generic platform driver
[   35.333803] uhci_hcd: USB Universal Host Controller Interface driver
[   35.333876] i8042: PNP: PS/2 Controller [PNP0303:PS2K,PNP0f03:PS2M] at 0x60,0x64 irq 1,12
[   35.447018] serio: i8042 KBD port at 0x60,0x64 irq 1
[   35.447027] serio: i8042 AUX port at 0x60,0x64 irq 12
[   35.447203] mousedev: PS/2 mouse device common for all mice
[   35.447551] rtc_cmos rtc_cmos: rtc core: registered rtc_cmos as rtc0
[   35.447611] rtc_cmos rtc_cmos: alarms up to one day, 114 bytes nvram
[   35.447620] i2c /dev entries driver
[   35.447690] device-mapper: uevent: version 1.0.3
[   35.447755] device-mapper: ioctl: 4.34.0-ioctl (2015-10-28) initialised: dm-devel@redhat.com
[   35.447780] ledtrig-cpu: registered to indicate activity on CPUs
[   35.448116] NET: Registered protocol family 10
[   35.448291] NET: Registered protocol family 17
[   35.448303] Key type dns_resolver registered
[   35.717632] microcode: CPU0 sig=0x206a7, pf=0x10, revision=0x0
[   35.717873] microcode: CPU1 sig=0x206a7, pf=0x10, revision=0x0
[   35.717955] microcode: Microcode Update Driver: v2.01 <tigran@aivazian.fsnet.co.uk>, Peter Oruba
[   35.718129] registered taskstats version 1
[   35.718145] Loading compiled-in X.509 certificates
[   35.718983] Loaded X.509 cert 'Build time autogenerated kernel key: aa84f01984fbd529c105810b59e379d349698248'
[   35.719014] zswap: loaded using pool lzo/zbud
[   35.721283] Key type trusted registered
[   35.725041] Key type encrypted registered
[   35.725046] AppArmor: AppArmor sha1 policy hashing enabled
[   35.725049] ima: No TPM chip found, activating TPM-bypass!
[   35.725070] evm: HMAC attrs: 0x1
[   35.725360]   Magic number: 10:121:261
[   36.124836] rtc_cmos rtc_cmos: setting system clock to 2018-03-28 03:16:15 UTC (1522206975)
[   36.125042] BIOS EDD facility v0.16 2004-Jun-25, 0 devices found
[   36.125042] EDD information not available.
[   36.767781] input: AT Translated Set 2 keyboard as /devices/platform/i8042/serio0/input/input2
[   44.569197] clocksource: tsc: mask: 0xffffffffffffffff max_cycles: 0x1fa362db38c, max_idle_ns: 440795225475 ns
[   45.626376] Freeing unused kernel memory: 1508K
[   45.994374] Write protecting the kernel read-only data: 14336k
[   46.375236] Freeing unused kernel memory: 1700K
[   46.480040] Freeing unused kernel memory: 104K
Loading, please [   46.631938] random: systemd-udevd: uninitialized urandom read (16 bytes read, 5 bits of entropy available)
wait...
startin[   46.633352] random: udevadm: uninitialized urandom read (16 bytes read, 5 bits of entropy available)
g version 229
[   46.633403] random: udevadm: uninitialized urandom read (16 bytes read, 5 bits of entropy available)
[   46.654580] random: udevadm: uninitialized urandom read (16 bytes read, 5 bits of entropy available)
[   46.654665] random: udevadm: uninitialized urandom read (16 bytes read, 5 bits of entropy available)
[   46.654991] random: udevadm: uninitialized urandom read (16 bytes read, 5 bits of entropy available)
[   46.655121] random: udevadm: uninitialized urandom read (16 bytes read, 5 bits of entropy available)
[   46.655250] random: udevadm: uninitialized urandom read (16 bytes read, 5 bits of entropy available)
[   46.655378] random: udevadm: uninitialized urandom read (16 bytes read, 5 bits of entropy available)
[   46.655514] random: udevadm: uninitialized urandom read (16 bytes read, 5 bits of entropy available)
[   49.164532] Fusion MPT base driver 3.04.20
[   49.341839] Copyright (c) 1999-2008 LSI Corporation
[   49.504513] Fusion MPT SPI Host driver 3.04.20
[   49.686693] AVX version of gcm_enc/dec engaged.
[   50.114185] AES CTR mode by8 optimization enabled
[   50.588278] e1000: Intel(R) PRO/1000 Network Driver - version 7.3.21-k8-NAPI
[   50.882647] e1000: Copyright (c) 1999-2006 Intel Corporation.
[   51.139928] input: ImExPS/2 Generic Explorer Mouse as /devices/platform/i8042/serio1/input/input4
[   51.142317] mptbase: ioc0: Initiating bringup
[   51.209815] ioc0: LSI53C1030 A0: Capabilities={Initiator}
[   51.656001] scsi host2: ioc0: LSI53C1030 A0, FwRev=00000000h, Ports=1, MaxQ=256, IRQ=20
[   52.595154] scsi 2:0:0:0: Direct-Access     VBOX     HARDDISK         1.0  PQ: 0 ANSI: 5
[   53.329779] scsi target2:0:0: Beginning Domain Validation
[   53.492671] scsi target2:0:0: Domain Validation skipping write tests
[   53.599762] e1000 0000:00:03.0 eth0: (PCI:33MHz:32-bit) 02:8e:6d:ef:3b:89
[   53.599768] e1000 0000:00:03.0 eth0: Intel(R) PRO/1000 Network Connection
[   54.670033] scsi target2:0:0: Ending Domain Validation
[   54.671067] e1000 0000:00:03.0 enp0s3: renamed from eth0
[   55.082812] floppy0: no floppy controllers found
[   55.964134] scsi target2:0:0: asynchronous
[   56.318642] scsi 2:0:1:0: Direct-Access     VBOX     HARDDISK         1.0  PQ: 0 ANSI: 5
[   57.055370] scsi target2:0:1: Beginning Domain Validation
[   57.557257] scsi target2:0:1: Domain Validation skipping write tests
[   58.093969] scsi target2:0:1: Ending Domain Validation
[   58.468339] scsi target2:0:1: asynchronous
[   58.877626] sd 2:0:0:0: Attached scsi generic sg0 type 0
[   58.878190] sd 2:0:0:0: [sda] 20971520 512-byte logical blocks: (10.7 GB/10.0 GiB)
[   58.878486] sd 2:0:0:0: [sda] Write Protect is off
[   58.878723] sd 2:0:0:0: [sda] Incomplete mode parameter data
[   58.878726] sd 2:0:0:0: [sda] Assuming drive cache: write through
[   59.334075]  sda: sda1
[   59.334941] sd 2:0:0:0: [sda] Attached SCSI disk
[   61.785014] sd 2:0:1:0: [sdb] 20480 512-byte logical blocks: (10.5 MB/10.0 MiB)
[   61.994439] sd 2:0:1:0: Attached scsi generic sg1 type 0
[   62.124035] sd 2:0:1:0: [sdb] Write Protect is off
[   62.252684] sd 2:0:1:0: [sdb] Incomplete mode parameter data
[   62.421046] sd 2:0:1:0: [sdb] Assuming drive cache: write through
[   62.601553] sd 2:0:1:0: [sdb] Attached SCSI disk
Begin: Loading e[   64.156550] md: linear personality registered for level -1
ssential drivers[   64.679773] md: multipath personality registered for level -4
 ... [   64.818717] md: raid0 personality registered for level 0
[   65.257786] md: raid1 personality registered for level 1
[   65.497585] raid6: sse2x1   gen()  7798 MB/s
[   65.689595] raid6: sse2x1   xor()  5811 MB/s
[   65.833590] raid6: sse2x2   gen()  9895 MB/s
[   66.009580] raid6: sse2x2   xor()  7034 MB/s
[   66.185597] raid6: sse2x4   gen() 11045 MB/s
[   66.361574] raid6: sse2x4   xor()  8314 MB/s
[   66.483637] raid6: using algorithm sse2x4 gen() 11045 MB/s
[   66.612613] raid6: .... xor() 8314 MB/s, rmw enabled
[   66.733080] raid6: using ssse3x2 recovery algorithm
[   66.838322] xor: automatically using best checksumming function:
[   67.561136]    avx       : 53217.000 MB/sec
[   67.880015] async_tx: api initialized (async)
[   67.981704] md: raid6 personality registered for level 6
[   68.583482] md: raid5 personality registered for level 5
[   69.043441] md: raid4 personality registered for level 4
[   69.616253] md: raid10 personality registered for level 10
done.
Begin: Running /scripts/init-pre[   70.207746] Btrfs loaded
mount ... done.
Begin: Mounting root file syste[   70.305985] EXT4-fs (sda1): INFO: recovery required on readonly filesystem
m ... Begin: Run[   71.113480] EXT4-fs (sda1): write access will be enabled during recovery
ning /scripts/local-top ... done.
Begin: Running /scripts/local-premount ... Scanning for Btrfs filesystems
done.
Warning: fsck not present, so skipping root file system
[   71.610652] EXT4-fs (sda1): orphan cleanup on readonly fs
[   72.156490] EXT4-fs (sda1): 1 orphan inode deleted
[   72.383335] EXT4-fs (sda1): recovery complete
[   72.504615] EXT4-fs (sda1): mounted filesystem with ordered data mode. Opts: (null)
done.
[   72.734184] random: nonblocking pool is initialized
Begin: Running /scripts/local-bottom ... done.
Begin: Running /scripts/init-bottom ... done.
[   73.614816] systemd[1]: systemd 229 running in system mode. (+PAM +AUDIT +SELINUX +IMA +APPARMOR +SMACK +SYSVINIT +UTMP +LIBCRYPTSETUP +GCRYPT +GNUTLS +ACL +XZ -LZ4 +SECCOMP +BLKID +ELFUTILS +KMOD -IDN)
[   74.075373] systemd[1]: Detected virtualization oracle.
[   74.604416] systemd[1]: Detected architecture x86-64.

Welcome to [1mUbuntu 16.04.4 LTS[0m!

[   75.256216] systemd[1]: Set hostname to <ubuntu-xenial>.
[   77.154647] systemd[1]: Listening on Device-mapper event daemon FIFOs.
[[0;32m  OK  [0m] Listening on Device-mapper event daemon FIFOs.
[   77.782319] systemd[1]: Created slice System Slice.
[[0;32m  OK  [0m] Created slice System Slice.
[   78.325973] systemd[1]: Reached target User and Group Name Lookups.
[[0;32m  OK  [0m] Reached target User and Group Name Lookups.
[   79.027524] systemd[1]: Created slice User and Session Slice.
[[0;32m  OK  [0m] Created slice User and Session Slice.
[   79.685877] systemd[1]: Reached target Slices.
[[0;32m  OK  [0m] Reached target Slices.
[   80.177855] systemd[1]: Listening on udev Kernel Socket.
[[0;32m  OK  [0m] Listening on udev Kernel Socket.
[   80.793795] systemd[1]: Reached target Swap.
[[0;32m  OK  [0m] Reached target Swap.
[   81.237844] systemd[1]: Listening on /dev/initctl Compatibility Named Pipe.
[[0;32m  OK  [0m] Listening on /dev/initctl Compatibility Named Pipe.
[   81.650289] systemd[1]: Created slice system-postgresql.slice.
[[0;32m  OK  [0m] Created slice system-postgresql.slice.
[   82.013932] systemd[1]: Liseening on oournal Socket.
[[0;32m  OK  [0m] Listening on Journal Socket.
[   82.589901] systemd[1]: Mounting Debug File System...
         Mounting Debug File System...
[   82.741819] systemd[1]: Starting Uncomplicated firewall...
         Starting Uncomplicated firewall...
[   82.929710] systemd[1]: Mounting POSIX Message Queue File System...
         Mounting POSIX Message Queue File System...
[   83.142089] systemd[1]: Mounting Huge Pages File System...
         Mounting Huge Pages File System...
[   83.350094] systemd[1]: Starting Load Kernel Modules...
[   83.582834] Loading iSCSI transport class v2.0-870.
         Starting Load Kernel Modules...
[   83.759418] iscsi: registered transport (tcp)
[   83.888218] systemd[1]: Created slice system-serial\x2dgetty.slice.
[[0;32m  OK  [0m] Created slice system-serial\x2dgetty.slice.[   84.141697] iscsi: registered transport (iser)

[   84.228552] systemd[1]: Listening on Journal Audit Socket.
[[0;32m  OK  [0m] Listening on Journal Audit Socket.
[   84.498423] systemd[1]: Set up automount Arbitrary Executable File Formats File System Automount Point.
[[0;32m  OK  [0m] Set up automount Arbitrary Executab...ats File System Automount Point.
[   85.663100] systemd[1]: Listening on Syslog Socket.
[[0;32m  OK  [0m] Listening on Syslog Socket.
[   85.932646] systemd[1]: Listening on udev Control Socket.
[[0;32m  OK  [0m] Listening on udev Control Socket.
[   86.537934] systemd[1]: Starting Create list of required static device nodes for the current kernel...
         Starting Create list of required st... nodes for the current kernel...
[   86.773999] systemd[1]: Reached target Encrypted Volumes.
[[0;32m  OK  [0m] Reached target Encrypted Volumes.
[   87.410012] systemd[1]: Listening on LVM2 metadata daemon socket.
[[0;32m  OK  [0m] Listening on LVM2 metadata daemon socket.
[   88.078046] systemd[1]: Starting Monitoring of LVM2 mirrors, snapshots etc. using dmeventd or progress polling...
         Starting Monitoring of LVM2 mirrors... dmeventd or progress polling...
[   89.015511] systemd[1]: Listening on LVM2 poll daemon socket.
[[0;32m  OK  [0m] Listening on LVM2 poll daemon socket.
[   89.673981] systemd[1]: Started Forward Password Requests to Wall Directory Watch.
[[0;32m  OK  [0m] Started Forward Password Requests to Wall Directory Watch.
[   90.142243] systemd[1]: Listening on Journal Socket (/dev/log).
[[0;32m  OK  [0m] Listening on Journal Socket (/dev/log).
[   90.727012] systemd[1]: Starting Journal Service...
         Starting Journal Service...
[   91.173996] systemd[1]: Started Trigger resolvconf update for networkd DNS.
[[0;32m  OK  [0m] Started Trigger resolvconf update for networkd DNS.
[   91.998006] systemd[1]: Starting Nameserver information manager...
         Starting Nameserver information manager...
[   92.513863] systemd[1]: Starting Set console keymap...
         Starting Set console keymap...
[   93.054237] systemd[1]: Starting Remount Root and Kernel File Systems...
[   93.074011] EXT4-fs (sda1): re-mounted. Opts: (null)
         Starting Remount Root and Kernel File Systems...
[   93.403725] systemd[1]: Mounted Debug File System.
[[0;32m  OK  [0m] Mounted Debug File System.
[   93.957890] systemd[1]: Mounted Huge Pages File System.
[[0;32m  OK  [0m] Mounted Huge Pages File System.
[   94.305845] systemd[1]: Mounted POSIX Message Queue File System.
[[0;32m  OK  [0m] Mounted POSIX Message Queue File System.
[   95.006027] systemd[1]: Started Journal Service.
[[0;32m  OK  [0m] Started Journal Service.
[[0;32m  OK  [0m] Started Uncomplicated firewall.
[[0;32m  OK  [0m] Started Load Kernel Modules.
[[0;32m  OK  [0m] Started Create list of required sta...ce nodes for the current kernel.
[[0;32m  OK  [0m] Started Set console keymap.
[[0;32m  OK  [0m] Started Remount Root and Kernel File Systems.
[[0;32m  OK  [0m] Started Nameserver information manager.
[[0;32m  OK  [0m] Started LVM2 metadata daemon.
         Starting Initial cloud-init job (pre-networking)...
         Starting Load/Save Random Seed...
         Starting udev Coldplug all Devices...
         Starting Create Static Device Nodes in /dev...
         Starting Apply Kernel Variables...
         Mounting FUSE Control File System...
         Starting Flush Journal to Persistent Storage...
[[0;32m  OK  [0m] Mounted FUSE Control File System.
[[0;32m  OK  [0m] Started Monitoring of LVM2 mirrors,...ng dmeventd or progress polling.
[[0;32m  OK  [0m] Started Load/Save Random Seed.
[[0;32m  OK  [0m] Started Create Static Device Nodes in /dev.
[[0;32m  OK  [0m] Started Apply Kernel Variables.
[[0;32m  OK  [0m] Started udev Coldplug all Devices.
         Starting udev Kernel Device Manager...
[[0;32m  OK  [0m] Started Flush Journal to Persistent Storage.
[[0;32m  OK  [0m] Started udev Kernel Device Manager.
[[0;32m  OK  [0m] Started Dispatch Password Requests to Console Directory Watch.
[[0;32m  OK  [0m] Reached target Local File Systems (Pre).
[[0;32m  OK  [0m] Reached target Local File Systems.
         Starting Tell Plymouth To Write Out Runtime Data...
         Starting Create Volatile Files and Directories...
         Starting Set console font and keymap...
         Starting LSB: AppArmor initialization...
[[0;32m  OK  [0m] Started Tell Plymouth To Write Out Runtime Data.
[[0;32m  OK  [0m] Found device /dev/ttyS0.
[[0;32m  OK  [0m] Started Create Volatile Files and Directories.
[[0;32m  OK  [0m] Reached target System Time Synchronized.
         Starting Update UTMP about System Boot/Shutdown...
[[0;32m  OK  [0m] Found device 82540EM Gigabit Ethern...r (PRO/1000 MT Desktop Adapter).
[[0;32m  OK  [0m] Started Update UTMP about System Boot/Shutdown.
[[0;32m  OK  [0m] Started Set console font and keymap.
[[0;32m  OK  [0m] Created slice system-getty.slice.
[[0;32m  OK  [0m] Listening on Load/Save RF Kill Switch Status /dev/rfkill Watch.
[[0;32m  OK  [0m] Started LSB: AppArmor initialization.
[   74.708501] cloud-init[439]: Cloud-init v. 17.2 running 'init-local' at Wed, 28 Mar 2018 03:17:21 +0000. Up 74.15 seconds.
[[0;32m  OK  [0m] Started Initial cloud-init job (pre-networking).
[[0;32m  OK  [0m] Reached target Network (Pre).
         Starting Raise network interfaces...
[[0;32m  OK  [0m] Started ifup for enp0s3.
[[0;32m  OK  [0m] Started Raise network interfaces.
[[0;32m  OK  [0m] Reached target Network.
         Starting Initial cloud-init job (metadata service crawler)...
[   76.590733] cloud-init[976]: Cloud-init v. 17.2 running 'init' at Wed, 28 Mar 2018 03:17:22 +0000. Up 75.76 seconds.
[[0;32m  OK  [0m] Started Initial cloud-init job (metadata service crawler).
[[0;32m  OK  [0m] Reached target Network is Online.
[   76.706221] cloud-init[976]: ci-info: +++++++++++++++++++++++++++++++++++++Net device info++++++++++++++++++++++++++++++++++++++
[   76.936561] cloud-init[976]: ci-info: +--------+------+----------------------------+---------------+-------+-------------------+
         Starting iSCSI initiator daemon (iscsid)...
[[0;32m  OK  [0m] Reached target System Initialization.
[   77.071131] cloud-init[976]: ci-info: | Device |  Up  |          Address           |      Mask     | Scope |     Hw-Address    |
[   77.312504] cloud-init[976]: ci-info: +--------+------+----------------------------+---------------+-------+-------------------+
[   77.432355] cloud-init[976]: ci-info: | enp0s3 | True |         10.0.2.15          | 255.255.255.0 |   .   | 02:8e:6d:ef:3b:89 |
[   77.552431] cloud-init[976]: ci-info: | enp0s3 | True | fe80::8e:6dff:feef:3b89/64 |       .       |  link | 02:8e:6d:ef:3b:89 |
[   77.684568] cloud-init[976]: ci-info: |   lo   | True |         127.0.0.1          |   255.0.0.0   |   .   |         .         |
[[0;32m  OK  [0m] Started Daily apt download activities.
[[0;32m  OK  [0m] Started Daily apt upgrade and clean activities.
[   77.807748]          cloud-initStarting Socket activation for snappy daemon.[976]: 
ci-info: |   lo   | True |          ::1/128           |       .       |  host |         .         |
[   78.088527]          cloud-initStarting LXD - unix socket.[976]: 
ci-info: +--------+------+----------------------------+---------------+-------+-------------------+
[   78.236459] [cloud-init[0;32m  OK  [0m[976]: ] ci-info: +++++++++++++++++++++++++++Route IPv4 info++++++++++++++++++++++++++++Listening on D-Bus System Message Bus Socket.

[   78.400592] [cloud-init[0;32m  OK  [0m[976]: ] ci-info: +-------+-------------+----------+---------------+-----------+-------+Listening on ACPID Listen Socket.

[   78.401345] [cloud-init[0;32m  OK  [0m[976]: ] ci-info: | Route | Destination | Gateway  |    Genmask    | Interface | Flags |Started Timer to automatically refresh installed snaps.

[   78.732563] [cloud-init[0;32m  OK  [0m[976]: ] ci-info: +-------+-------------+----------+---------------+-----------+-------+Listening on UUID daemon activation socket.

[   78.892548] [cloud-init[0;32m  OK  [0m[976]: ] ci-info: |   0   |   0.0.0.0   | 10.0.2.2 |    0.0.0.0    |   enp0s3  |   UG  |Started ACPI Events Check.

[   79.060458] [cloud-init[0;32m  OK  [0m[976]: ] ci-info: |   1   |   10.0.2.0  | 0.0.0.0  | 255.255.255.0 |   enp0s3  |   U   |Reached target Paths.

[[0;32m  OK  [0m] Started Daily Cleanup of Temporary Directories.
[[0;32m  OK  [0m] Reached target Timers.
[   79.061108] cloud-init[976]: ci-info: +-------+-------------+----------+---------------+-----------+-------+
[[0;32m  OK  [0m] Reached target Cloud-config availability.
[[0;32m  OK  [0m] Listening on Socket activation for snappy daemon.
[[0;32m  OK  [0m] Listening on LXD - unix socket.
[[0;32m  OK  [0m] Reached target Sockets.
[[0;32m  OK  [0m] Reached target Basic System.
         Starting Advanced key-value store...
[[0;32m  OK  [0m] Started Deferred execution scheduler.
[[0;32m  OK  [0m] Started Unattended Upgrades Shutdown.
[[0;32m  OK  [0m] Started ACPI event daemon.
         Starting Login Service...
         Starting LSB: Record successful boot for GRUB...
         Starting Apply the settings specified in cloud-config...
         Starting LSB: MD monitoring daemon...
[[0;32m  OK  [0m] Started D-Bus System Message Bus.
         Starting System Logging Service...
         Starting LXD - container startup/shutdown...
         Starting /etc/rc.local Compatibility...
         Starting OpenBSD Secure Shell server...
[[0;32m  OK  [0m] Started Regular background program processing daemon.
         Starting PostgreSQL Cluster 9.3-main...
[   80.925362] cloud-init[1051]: Cloud-init v. 17.2 running 'modules:config' at Wed, 28 Mar 2018 03:17:27 +0000. Up 80.45 seconds.
         Starting Accounts Service...
[[0;32m  OK  [0m] Started FUSE filesystem for LXC.
         Starting Snappy daemon...
[[0;32m  OK  [0m] Started System Logging Service.
[[0;32m  OK  [0m] Started iSCSI initiator daemon (iscsid).
[[0;32m  OK  [0m] Started Apply the settings specified in cloud-config.
[[0;32m  OK  [0m] Started /etc/rc.local Compatibility.
         Starting Login to default iSCSI targets...
[[0;32m  OK  [0m] Started Login Service.
[[0;32m  OK  [0m] Started LSB: Record successful boot for GRUB.
[[0;32m  OK  [0m] Started OpenBSD Secure Shell server.
[[0;32m  OK  [0m] Started LSB: MD monitoring daemon.
[[0;32m  OK  [0m] Started Login to default iSCSI targets.
[[0;32m  OK  [0m] Reached target Remote File Systems (Pre).
[[0;32m  OK  [0m] Reached target Remote File Systems.
         Starting LSB: automatic crash report generation...
         Starting LSB: VirtualBox Linux Additions...
         Starting LSB: Set the CPU Frequency Scaling governor to "ondemand"...
         Starting LSB: Start/stop sysstat's sadc...
         Starting Permit User Sessions...
         Starting LSB: daemon to balance interrupts for SMP systems...
[[0;32m  OK  [0m] Started Advanced key-value store.
[[0;32m  OK  [0m] Started Permit User Sessions.
[[0;32m  OK  [0m] Started LSB: Set the CPU Frequency Scaling governor to "ondemand".
         Starting Terminate Plymouth Boot Screen...
         Starting Hold until boot process finishes up...
[[0;32m  OK  [0m] Started LSB: Start/stop sysstat's sadc.
[[0;32m  OK  [0m] Started Terminate Plymouth Boot Screen.
[[0;32m  OK  [0m] Started LSB: automatic crash report generation.
[[0;32m  OK  [0m] Started Hold until boot process finishes up.
[[0;32m  OK  [0m] Started LSB: daemon to balance interrupts for SMP systems.
         Starting Authenticate and Authorize Users to Run Privileged Tasks...
[[0;32m  OK  [0m] Started Serial Getty on ttyS0.
[[0;32m  OK  [0m] Started Getty on tty1.
[[0;32m  OK  [0m] Reached target Login Prompts.
         Starting Set console scheme...
[[0;32m  OK  [0m] Started Set console scheme.
[[0;32m  OK  [0m] Created slice User Slice of vagrant.
         Starting User Manager for UID 1000...
[[0;32m  OK  [0m] Started LSB: VirtualBox Linux Additions.
[[0;32m  OK  [0m] Started Authenticate and Authorize Users to Run Privileged Tasks.
[[0;32m  OK  [0m] Started Accounts Service.
[[0;32m  OK  [0m] Started Session 1 of user vagrant.
[[0;32m  OK  [0m] Started User Manager for UID 1000.
[[0;32m  OK  [0m] Started LXD - container startup/shutdown.
[[0;32m  OK  [0m] Started Snappy daemon.

Ubuntu 16.04.4 LTS ubuntu-xenial ttyS0

ubuntu-xenial login: [   90.494367] cloud-init[1395]: Cloud-init v. 17.2 running 'modules:final' at Wed, 28 Mar 2018 03:17:37 +0000. Up 90.30 seconds.
[   90.494845] cloud-init[1395]: Cloud-init v. 17.2 finished at Wed, 28 Mar 2018 03:17:37 +0000. Datasource DataSourceNoCloud [seed=/dev/sdb][dsmode=net].  Up 90.48 seconds
